app/build/outputs/logs/manifest-merger-release-report.txt
-- Merging decision tree log ---
manifest
ADDED from src/main/AndroidManifest.xml:2:1-182:12
INJECTED from src/main/AndroidManifest.xml:2:1-182:12
INJECTED from src/main/AndroidManifest.xml:2:1-182:12
INJECTED from src/main/AndroidManifest.xml:2:1-182:12
MERGED from [com.android.support:design:23.1.1] AndroidManifest.xml:17:1-24:12
MERGED from [com.google.android.gms:play-services:8.4.0] AndroidManifest.xml:16:1-20:12
MERGED from [com.google.android.gms:play-services-cast:8.4.0] AndroidManifest.xml:16:1-20:12
MERGED from [com.android.support:mediarouter-v7:23.1.1] AndroidManifest.xml:17:1-24:12
MERGED from [com.android.support:appcompat-v7:23.1.1] AndroidManifest.xml:17:1-24:12
MERGED from [com.android.support:recyclerview-v7:23.1.1] AndroidManifest.xml:17:1-22:12
MERGED from [com.google.android.gms:play-services-ads:8.4.0] AndroidManifest.xml:16:1-33:12
MERGED from [com.google.android.gms:play-services-analytics:8.4.0] AndroidManifest.xml:16:1-25:12
MERGED from [com.google.android.gms:play-services-appindexing:8.4.0] AndroidManifest.xml:16:1-20:12
MERGED from [com.google.android.gms:play-services-appinvite:8.4.0] AndroidManifest.xml:16:1-31:12
MERGED from [com.google.android.gms:play-services-appstate:8.4.0] AndroidManifest.xml:16:1-20:12
MERGED from [com.google.android.gms:play-services-auth:8.4.0] AndroidManifest.xml:16:1-33:12
MERGED from [com.google.android.gms:play-services-games:8.4.0] AndroidManifest.xml:16:1-20:12
MERGED from [com.google.android.gms:play-services-drive:8.4.0] AndroidManifest.xml:16:1-20:12
MERGED from [com.google.android.gms:play-services-fitness:8.4.0] AndroidManifest.xml:16:1-20:12
MERGED from [com.google.android.gms:play-services-gcm:8.4.0] AndroidManifest.xml:16:1-25:12
MERGED from [com.google.android.gms:play-services-wallet:8.4.0] AndroidManifest.xml:16:1-21:12
MERGED from [com.google.android.gms:play-services-identity:8.4.0] AndroidManifest.xml:16:1-20:12
MERGED from [com.google.android.gms:play-services-location:8.4.0] AndroidManifest.xml:16:1-20:12
MERGED from [com.google.android.gms:play-services-maps:8.4.0] AndroidManifest.xml:16:1-28:12
MERGED from [com.google.android.gms:play-services-nearby:8.4.0] AndroidManifest.xml:16:1-21:12
MERGED from [com.google.android.gms:play-services-panorama:8.4.0] AndroidManifest.xml:16:1-20:12
MERGED from [com.google.android.gms:play-services-plus:8.4.0] AndroidManifest.xml:16:1-20:12
MERGED from [com.google.android.gms:play-services-safetynet:8.4.0] AndroidManifest.xml:16:1-20:12
MERGED from [com.google.android.gms:play-services-vision:8.4.0] AndroidManifest.xml:2:1-6:12
MERGED from [com.google.android.gms:play-services-wearable:8.4.0] AndroidManifest.xml:16:1-20:12
MERGED from [com.google.android.gms:play-services-base:8.4.0] AndroidManifest.xml:16:1-19:12
MERGED from [com.google.android.gms:play-services-measurement:8.4.0] AndroidManifest.xml:16:1-47:12
MERGED from [com.google.android.gms:play-services-basement:8.4.0] AndroidManifest.xml:16:1-26:12
MERGED from [com.android.support:palette-v7:23.1.1] AndroidManifest.xml:17:1-25:12
MERGED from [com.android.support:support-v4:23.1.1] AndroidManifest.xml:17:1-24:12
MERGED from [com.mcxiaoke.volley:library-aar:1.0.0] AndroidManifest.xml:1:70-7:12
INJECTED from src/main/AndroidManifest.xml:2:1-182:12
INJECTED from src/main/AndroidManifest.xml:2:1-182:12
INJECTED from src/main/AndroidManifest.xml:2:1-182:12
	package
		ADDED from src/main/AndroidManifest.xml:3:7-40
		INJECTED from src/main/AndroidManifest.xml
		INJECTED from src/main/AndroidManifest.xml
	android:versionName
		ADDED from src/main/AndroidManifest.xml:5:7-32
		INJECTED from src/main/AndroidManifest.xml
		INJECTED from src/main/AndroidManifest.xml
	xmlns:android
		ADDED from src/main/AndroidManifest.xml:2:11-69
	android:versionCode
		ADDED from src/main/AndroidManifest.xml:4:7-30
		INJECTED from src/main/AndroidManifest.xml
		INJECTED from src/main/AndroidManifest.xml
application
ADDED from src/main/AndroidManifest.xml:9:5-152:19
MERGED from [com.android.support:design:23.1.1] AndroidManifest.xml:22:5-20
MERGED from [com.android.support:design:23.1.1] AndroidManifest.xml:22:5-20
MERGED from [com.google.android.gms:play-services:8.4.0] AndroidManifest.xml:19:5-20
MERGED from [com.google.android.gms:play-services:8.4.0] AndroidManifest.xml:19:5-20
MERGED from [com.google.android.gms:play-services-cast:8.4.0] AndroidManifest.xml:19:5-20
MERGED from [com.google.android.gms:play-services-cast:8.4.0] AndroidManifest.xml:19:5-20
MERGED from [com.android.support:mediarouter-v7:23.1.1] AndroidManifest.xml:22:5-20
MERGED from [com.android.support:mediarouter-v7:23.1.1] AndroidManifest.xml:22:5-20
MERGED from [com.android.support:appcompat-v7:23.1.1] AndroidManifest.xml:22:5-20
MERGED from [com.android.support:appcompat-v7:23.1.1] AndroidManifest.xml:22:5-20
MERGED from [com.google.android.gms:play-services-ads:8.4.0] AndroidManifest.xml:24:5-32:19
MERGED from [com.google.android.gms:play-services-ads:8.4.0] AndroidManifest.xml:24:5-32:19
MERGED from [com.google.android.gms:play-services-analytics:8.4.0] AndroidManifest.xml:24:5-20
MERGED from [com.google.android.gms:play-services-analytics:8.4.0] AndroidManifest.xml:24:5-20
MERGED from [com.google.android.gms:play-services-appindexing:8.4.0] AndroidManifest.xml:19:5-20
MERGED from [com.google.android.gms:play-services-appindexing:8.4.0] AndroidManifest.xml:19:5-20
MERGED from [com.google.android.gms:play-services-appinvite:8.4.0] AndroidManifest.xml:20:5-30:19
MERGED from [com.google.android.gms:play-services-appinvite:8.4.0] AndroidManifest.xml:20:5-30:19
MERGED from [com.google.android.gms:play-services-appstate:8.4.0] AndroidManifest.xml:19:5-20
MERGED from [com.google.android.gms:play-services-appstate:8.4.0] AndroidManifest.xml:19:5-20
MERGED from [com.google.android.gms:play-services-auth:8.4.0] AndroidManifest.xml:20:5-32:19
MERGED from [com.google.android.gms:play-services-auth:8.4.0] AndroidManifest.xml:20:5-32:19
MERGED from [com.google.android.gms:play-services-games:8.4.0] AndroidManifest.xml:19:5-20
MERGED from [com.google.android.gms:play-services-games:8.4.0] AndroidManifest.xml:19:5-20
MERGED from [com.google.android.gms:play-services-drive:8.4.0] AndroidManifest.xml:19:5-20
MERGED from [com.google.android.gms:play-services-drive:8.4.0] AndroidManifest.xml:19:5-20
MERGED from [com.google.android.gms:play-services-fitness:8.4.0] AndroidManifest.xml:19:5-20
MERGED from [com.google.android.gms:play-services-fitness:8.4.0] AndroidManifest.xml:19:5-20
MERGED from [com.google.android.gms:play-services-gcm:8.4.0] AndroidManifest.xml:24:5-20
MERGED from [com.google.android.gms:play-services-gcm:8.4.0] AndroidManifest.xml:24:5-20
MERGED from [com.google.android.gms:play-services-identity:8.4.0] AndroidManifest.xml:19:5-20
MERGED from [com.google.android.gms:play-services-identity:8.4.0] AndroidManifest.xml:19:5-20
MERGED from [com.google.android.gms:play-services-location:8.4.0] AndroidManifest.xml:19:5-20
MERGED from [com.google.android.gms:play-services-location:8.4.0] AndroidManifest.xml:19:5-20
MERGED from [com.google.android.gms:play-services-maps:8.4.0] AndroidManifest.xml:27:5-20
MERGED from [com.google.android.gms:play-services-maps:8.4.0] AndroidManifest.xml:27:5-20
MERGED from [com.google.android.gms:play-services-nearby:8.4.0] AndroidManifest.xml:20:5-20
MERGED from [com.google.android.gms:play-services-nearby:8.4.0] AndroidManifest.xml:20:5-20
MERGED from [com.google.android.gms:play-services-panorama:8.4.0] AndroidManifest.xml:19:5-20
MERGED from [com.google.android.gms:play-services-panorama:8.4.0] AndroidManifest.xml:19:5-20
MERGED from [com.google.android.gms:play-services-plus:8.4.0] AndroidManifest.xml:19:5-20
MERGED from [com.google.android.gms:play-services-plus:8.4.0] AndroidManifest.xml:19:5-20
MERGED from [com.google.android.gms:play-services-safetynet:8.4.0] AndroidManifest.xml:19:5-20
MERGED from [com.google.android.gms:play-services-safetynet:8.4.0] AndroidManifest.xml:19:5-20
MERGED from [com.google.android.gms:play-services-vision:8.4.0] AndroidManifest.xml:5:5-20
MERGED from [com.google.android.gms:play-services-vision:8.4.0] AndroidManifest.xml:5:5-20
MERGED from [com.google.android.gms:play-services-wearable:8.4.0] AndroidManifest.xml:19:5-20
MERGED from [com.google.android.gms:play-services-wearable:8.4.0] AndroidManifest.xml:19:5-20
MERGED from [com.google.android.gms:play-services-measurement:8.4.0] AndroidManifest.xml:26:5-46:19
MERGED from [com.google.android.gms:play-services-measurement:8.4.0] AndroidManifest.xml:26:5-46:19
MERGED from [com.google.android.gms:play-services-basement:8.4.0] AndroidManifest.xml:20:5-24:19
MERGED from [com.google.android.gms:play-services-basement:8.4.0] AndroidManifest.xml:20:5-24:19
MERGED from [com.android.support:palette-v7:23.1.1] AndroidManifest.xml:22:5-23:19
MERGED from [com.android.support:palette-v7:23.1.1] AndroidManifest.xml:22:5-23:19
MERGED from [com.android.support:support-v4:23.1.1] AndroidManifest.xml:22:5-20
MERGED from [com.android.support:support-v4:23.1.1] AndroidManifest.xml:22:5-20
MERGED from [com.mcxiaoke.volley:library-aar:1.0.0] AndroidManifest.xml:5:5-19
MERGED from [com.mcxiaoke.volley:library-aar:1.0.0] AndroidManifest.xml:5:5-19
	android:supportsRtl
		ADDED from src/main/AndroidManifest.xml:13:3-29
	android:label
		ADDED from src/main/AndroidManifest.xml:12:3-35
	android:icon
		ADDED from src/main/AndroidManifest.xml:11:3-36
	android:theme
		ADDED from src/main/AndroidManifest.xml:14:3-41
	android:name
		ADDED from src/main/AndroidManifest.xml:10:3-55
uses-library#com.google.android.maps
ADDED from src/main/AndroidManifest.xml:16:6-61
	android:name
		ADDED from src/main/AndroidManifest.xml:16:20-58
activity#org.inkubator.radinaldn.SplashActivity
ADDED from src/main/AndroidManifest.xml:18:9-25:20
	android:screenOrientation
		ADDED from src/main/AndroidManifest.xml:19:13-49
	android:theme
		ADDED from src/main/AndroidManifest.xml:20:13-51
	android:name
		ADDED from src/main/AndroidManifest.xml:18:19-72
intent-filter#android.intent.action.MAIN+android.intent.category.LAUNCHER
ADDED from src/main/AndroidManifest.xml:21:13-24:29
action#android.intent.action.MAIN
ADDED from src/main/AndroidManifest.xml:22:17-69
	android:name
		ADDED from src/main/AndroidManifest.xml:22:25-66
category#android.intent.category.LAUNCHER
ADDED from src/main/AndroidManifest.xml:23:17-77
	android:name
		ADDED from src/main/AndroidManifest.xml:23:27-74
activity#org.inkubator.radinaldn.Login
ADDED from src/main/AndroidManifest.xml:27:9-35:20
	android:screenOrientation
		ADDED from src/main/AndroidManifest.xml:30:13-49
	android:label
		ADDED from src/main/AndroidManifest.xml:29:13-45
	android:theme
		ADDED from src/main/AndroidManifest.xml:28:4-54
	android:name
		ADDED from src/main/AndroidManifest.xml:27:19-63
intent-filter#android.intent.category.DEFAULT+org.android10.intent.action.LAUNCH_MAIN
ADDED from src/main/AndroidManifest.xml:31:13-34:29
action#org.android10.intent.action.LAUNCH_MAIN
ADDED from src/main/AndroidManifest.xml:32:17-82
	android:name
		ADDED from src/main/AndroidManifest.xml:32:25-79
category#android.intent.category.DEFAULT
ADDED from src/main/AndroidManifest.xml:33:17-76
	android:name
		ADDED from src/main/AndroidManifest.xml:33:27-73
activity#org.inkubator.radinaldn.ListActivity
ADDED from src/main/AndroidManifest.xml:37:9-40:20
	android:screenOrientation
		ADDED from src/main/AndroidManifest.xml:39:13-49
	android:label
		ADDED from src/main/AndroidManifest.xml:38:13-45
	android:name
		ADDED from src/main/AndroidManifest.xml:37:19-70
activity#org.inkubator.radinaldn.LaporKecelakaan
ADDED from src/main/AndroidManifest.xml:42:3-46:14
	android:screenOrientation
		ADDED from src/main/AndroidManifest.xml:44:4-40
	android:label
		ADDED from src/main/AndroidManifest.xml:43:4-36
	android:name
		ADDED from src/main/AndroidManifest.xml:42:13-67
activity#org.inkubator.radinaldn.FAQActivity
ADDED from src/main/AndroidManifest.xml:48:3-52:14
	android:screenOrientation
		ADDED from src/main/AndroidManifest.xml:50:4-40
	android:label
		ADDED from src/main/AndroidManifest.xml:49:4-28
	android:name
		ADDED from src/main/AndroidManifest.xml:48:13-63
activity#org.inkubator.radinaldn.News
ADDED from src/main/AndroidManifest.xml:54:3-58:14
	android:screenOrientation
		ADDED from src/main/AndroidManifest.xml:56:4-40
	android:label
		ADDED from src/main/AndroidManifest.xml:55:4-36
	android:name
		ADDED from src/main/AndroidManifest.xml:54:13-56
activity#org.inkubator.radinaldn.MainActivity
ADDED from src/main/AndroidManifest.xml:59:3-64:14
	android:theme
		ADDED from src/main/AndroidManifest.xml:61:4-54
	android:name
		ADDED from src/main/AndroidManifest.xml:60:4-55
activity#org.inkubator.radinaldn.Register
ADDED from src/main/AndroidManifest.xml:66:3-71:14
	android:theme
		ADDED from src/main/AndroidManifest.xml:68:4-42
	android:name
		ADDED from src/main/AndroidManifest.xml:67:4-51
activity#org.mixare.MixView
ADDED from src/main/AndroidManifest.xml:74:9-93:20
	android:screenOrientation
		ADDED from src/main/AndroidManifest.xml:75:13-50
	android:label
		ADDED from src/main/AndroidManifest.xml:74:19-51
	android:launchMode
		ADDED from src/main/AndroidManifest.xml:76:19-49
	android:name
		ADDED from src/main/AndroidManifest.xml:74:52-85
intent-filter#android.intent.action.VIEW+android.intent.category.BROWSABLE+android.intent.category.DEFAULT
ADDED from src/main/AndroidManifest.xml:78:13-84:29
action#android.intent.action.VIEW
ADDED from src/main/AndroidManifest.xml:79:19-71
	android:name
		ADDED from src/main/AndroidManifest.xml:79:27-68
category#android.intent.category.BROWSABLE
ADDED from src/main/AndroidManifest.xml:81:7-68
	android:name
		ADDED from src/main/AndroidManifest.xml:81:17-65
data
ADDED from src/main/AndroidManifest.xml:82:7-82
	android:scheme
		ADDED from src/main/AndroidManifest.xml:82:13-34
	android:mimeType
		ADDED from src/main/AndroidManifest.xml:82:35-80
intent-filter#android.intent.action.SEARCH
ADDED from src/main/AndroidManifest.xml:86:13-88:26
action#android.intent.action.SEARCH
ADDED from src/main/AndroidManifest.xml:87:14-67
	android:name
		ADDED from src/main/AndroidManifest.xml:87:22-65
meta-data#android.app.searchable
ADDED from src/main/AndroidManifest.xml:89:10-90:57
	android:resource
		ADDED from src/main/AndroidManifest.xml:90:21-55
	android:name
		ADDED from src/main/AndroidManifest.xml:89:21-58
meta-data#android.app.default_searchable
ADDED from src/main/AndroidManifest.xml:91:13-92:45
	android:value
		ADDED from src/main/AndroidManifest.xml:92:18-42
	android:name
		ADDED from src/main/AndroidManifest.xml:91:24-69
activity#org.mixare.MixListView
ADDED from src/main/AndroidManifest.xml:95:9-103:14
	android:screenOrientation
		ADDED from src/main/AndroidManifest.xml:96:4-36
	android:launchMode
		ADDED from src/main/AndroidManifest.xml:97:4-34
	android:name
		ADDED from src/main/AndroidManifest.xml:95:19-56
activity#org.mixare.MixMap
ADDED from src/main/AndroidManifest.xml:105:3-113:14
	android:screenOrientation
		ADDED from src/main/AndroidManifest.xml:106:4-36
	android:launchMode
		ADDED from src/main/AndroidManifest.xml:107:4-34
	android:name
		ADDED from src/main/AndroidManifest.xml:105:13-45
meta-data#ADMOB_PUBLISHER_ID
ADDED from src/main/AndroidManifest.xml:118:3-67
	android:value
		ADDED from src/main/AndroidManifest.xml:118:14-30
	android:name
		ADDED from src/main/AndroidManifest.xml:118:31-64
activity#com.admob.android.ads.AdMobActivity
ADDED from src/main/AndroidManifest.xml:121:3-123:65
	android:configChanges
		ADDED from src/main/AndroidManifest.xml:123:3-62
	android:theme
		ADDED from src/main/AndroidManifest.xml:122:3-61
	android:name
		ADDED from src/main/AndroidManifest.xml:121:13-63
activity#org.inkubator.radinaldn.MapsView
ADDED from src/main/AndroidManifest.xml:125:4-129:20
	android:screenOrientation
		ADDED from src/main/AndroidManifest.xml:128:13-49
	android:label
		ADDED from src/main/AndroidManifest.xml:127:13-45
	android:name
		ADDED from src/main/AndroidManifest.xml:126:13-60
activity#org.inkubator.radinaldn.Detail
ADDED from src/main/AndroidManifest.xml:131:3-134:14
	android:screenOrientation
		ADDED from src/main/AndroidManifest.xml:133:7-43
	android:label
		ADDED from src/main/AndroidManifest.xml:132:7-39
	android:name
		ADDED from src/main/AndroidManifest.xml:131:13-58
receiver#com.admob.android.ads.analytics.InstallReceiver
ADDED from src/main/AndroidManifest.xml:137:3-142:14
	android:exported
		ADDED from src/main/AndroidManifest.xml:138:3-26
	android:name
		ADDED from src/main/AndroidManifest.xml:137:13-75
intent-filter#com.android.vending.INSTALL_REFERRER
ADDED from src/main/AndroidManifest.xml:139:4-141:20
action#com.android.vending.INSTALL_REFERRER
ADDED from src/main/AndroidManifest.xml:140:6-68
	android:name
		ADDED from src/main/AndroidManifest.xml:140:14-65
meta-data#ADMOB_ALLOW_LOCATION_FOR_ADS
ADDED from src/main/AndroidManifest.xml:144:9-87
	android:value
		ADDED from src/main/AndroidManifest.xml:144:20-41
	android:name
		ADDED from src/main/AndroidManifest.xml:144:42-85
meta-data#com.google.android.maps.v2.API_KEY
ADDED from src/main/AndroidManifest.xml:146:10-148:71
	android:value
		ADDED from src/main/AndroidManifest.xml:148:13-68
	android:name
		ADDED from src/main/AndroidManifest.xml:147:13-62
meta-data#com.google.android.gms.version
ADDED from src/main/AndroidManifest.xml:149:9-151:71
MERGED from [com.google.android.gms:play-services-basement:8.4.0] AndroidManifest.xml:21:9-23:69
MERGED from [com.google.android.gms:play-services-basement:8.4.0] AndroidManifest.xml:21:9-23:69
	android:value
		ADDED from src/main/AndroidManifest.xml:151:15-68
	android:name
		ADDED from src/main/AndroidManifest.xml:150:15-60
permission#org.inkubator.radinaldn.MAPS_RECEIVE
ADDED from src/main/AndroidManifest.xml:154:5-156:47
	android:protectionLevel
		ADDED from src/main/AndroidManifest.xml:156:9-44
	android:name
		ADDED from src/main/AndroidManifest.xml:155:9-60
uses-sdk
ADDED from src/main/AndroidManifest.xml:158:5-44
INJECTED from src/main/AndroidManifest.xml:158:5-44
INJECTED from src/main/AndroidManifest.xml:158:5-44
MERGED from [com.android.support:design:23.1.1] AndroidManifest.xml:20:5-43
MERGED from [com.android.support:design:23.1.1] AndroidManifest.xml:20:5-43
MERGED from [com.google.android.gms:play-services:8.4.0] AndroidManifest.xml:18:5-42
MERGED from [com.google.android.gms:play-services:8.4.0] AndroidManifest.xml:18:5-42
MERGED from [com.google.android.gms:play-services-cast:8.4.0] AndroidManifest.xml:18:5-42
MERGED from [com.google.android.gms:play-services-cast:8.4.0] AndroidManifest.xml:18:5-42
MERGED from [com.android.support:mediarouter-v7:23.1.1] AndroidManifest.xml:20:5-43
MERGED from [com.android.support:mediarouter-v7:23.1.1] AndroidManifest.xml:20:5-43
MERGED from [com.android.support:appcompat-v7:23.1.1] AndroidManifest.xml:20:5-43
MERGED from [com.android.support:appcompat-v7:23.1.1] AndroidManifest.xml:20:5-43
MERGED from [com.android.support:recyclerview-v7:23.1.1] AndroidManifest.xml:20:5-43
MERGED from [com.android.support:recyclerview-v7:23.1.1] AndroidManifest.xml:20:5-43
MERGED from [com.google.android.gms:play-services-ads:8.4.0] AndroidManifest.xml:23:5-42
MERGED from [com.google.android.gms:play-services-ads:8.4.0] AndroidManifest.xml:23:5-42
MERGED from [com.google.android.gms:play-services-analytics:8.4.0] AndroidManifest.xml:18:5-42
MERGED from [com.google.android.gms:play-services-analytics:8.4.0] AndroidManifest.xml:18:5-42
MERGED from [com.google.android.gms:play-services-appindexing:8.4.0] AndroidManifest.xml:18:5-42
MERGED from [com.google.android.gms:play-services-appindexing:8.4.0] AndroidManifest.xml:18:5-42
MERGED from [com.google.android.gms:play-services-appinvite:8.4.0] AndroidManifest.xml:18:5-42
MERGED from [com.google.android.gms:play-services-appinvite:8.4.0] AndroidManifest.xml:18:5-42
MERGED from [com.google.android.gms:play-services-appstate:8.4.0] AndroidManifest.xml:18:5-42
MERGED from [com.google.android.gms:play-services-appstate:8.4.0] AndroidManifest.xml:18:5-42
MERGED from [com.google.android.gms:play-services-auth:8.4.0] AndroidManifest.xml:18:5-43
MERGED from [com.google.android.gms:play-services-auth:8.4.0] AndroidManifest.xml:18:5-43
MERGED from [com.google.android.gms:play-services-games:8.4.0] AndroidManifest.xml:18:5-42
MERGED from [com.google.android.gms:play-services-games:8.4.0] AndroidManifest.xml:18:5-42
MERGED from [com.google.android.gms:play-services-drive:8.4.0] AndroidManifest.xml:18:5-42
MERGED from [com.google.android.gms:play-services-drive:8.4.0] AndroidManifest.xml:18:5-42
MERGED from [com.google.android.gms:play-services-fitness:8.4.0] AndroidManifest.xml:18:5-42
MERGED from [com.google.android.gms:play-services-fitness:8.4.0] AndroidManifest.xml:18:5-42
MERGED from [com.google.android.gms:play-services-gcm:8.4.0] AndroidManifest.xml:18:5-42
MERGED from [com.google.android.gms:play-services-gcm:8.4.0] AndroidManifest.xml:18:5-42
MERGED from [com.google.android.gms:play-services-wallet:8.4.0] AndroidManifest.xml:19:5-42
MERGED from [com.google.android.gms:play-services-wallet:8.4.0] AndroidManifest.xml:19:5-42
MERGED from [com.google.android.gms:play-services-identity:8.4.0] AndroidManifest.xml:18:5-42
MERGED from [com.google.android.gms:play-services-identity:8.4.0] AndroidManifest.xml:18:5-42
MERGED from [com.google.android.gms:play-services-location:8.4.0] AndroidManifest.xml:18:5-42
MERGED from [com.google.android.gms:play-services-location:8.4.0] AndroidManifest.xml:18:5-42
MERGED from [com.google.android.gms:play-services-maps:8.4.0] AndroidManifest.xml:26:5-42
MERGED from [com.google.android.gms:play-services-maps:8.4.0] AndroidManifest.xml:26:5-42
MERGED from [com.google.android.gms:play-services-nearby:8.4.0] AndroidManifest.xml:18:5-42
MERGED from [com.google.android.gms:play-services-nearby:8.4.0] AndroidManifest.xml:18:5-42
MERGED from [com.google.android.gms:play-services-panorama:8.4.0] AndroidManifest.xml:18:5-42
MERGED from [com.google.android.gms:play-services-panorama:8.4.0] AndroidManifest.xml:18:5-42
MERGED from [com.google.android.gms:play-services-plus:8.4.0] AndroidManifest.xml:18:5-42
MERGED from [com.google.android.gms:play-services-plus:8.4.0] AndroidManifest.xml:18:5-42
MERGED from [com.google.android.gms:play-services-safetynet:8.4.0] AndroidManifest.xml:18:5-42
MERGED from [com.google.android.gms:play-services-safetynet:8.4.0] AndroidManifest.xml:18:5-42
MERGED from [com.google.android.gms:play-services-vision:8.4.0] AndroidManifest.xml:4:5-42
MERGED from [com.google.android.gms:play-services-vision:8.4.0] AndroidManifest.xml:4:5-42
MERGED from [com.google.android.gms:play-services-wearable:8.4.0] AndroidManifest.xml:18:5-42
MERGED from [com.google.android.gms:play-services-wearable:8.4.0] AndroidManifest.xml:18:5-42
MERGED from [com.google.android.gms:play-services-base:8.4.0] AndroidManifest.xml:18:5-42
MERGED from [com.google.android.gms:play-services-base:8.4.0] AndroidManifest.xml:18:5-42
MERGED from [com.google.android.gms:play-services-measurement:8.4.0] AndroidManifest.xml:18:5-42
MERGED from [com.google.android.gms:play-services-measurement:8.4.0] AndroidManifest.xml:18:5-42
MERGED from [com.google.android.gms:play-services-basement:8.4.0] AndroidManifest.xml:18:5-42
MERGED from [com.google.android.gms:play-services-basement:8.4.0] AndroidManifest.xml:18:5-42
MERGED from [com.android.support:palette-v7:23.1.1] AndroidManifest.xml:20:5-43
MERGED from [com.android.support:palette-v7:23.1.1] AndroidManifest.xml:20:5-43
MERGED from [com.android.support:support-v4:23.1.1] AndroidManifest.xml:20:5-43
MERGED from [com.android.support:support-v4:23.1.1] AndroidManifest.xml:20:5-43
MERGED from [com.mcxiaoke.volley:library-aar:1.0.0] AndroidManifest.xml:3:5-72
MERGED from [com.mcxiaoke.volley:library-aar:1.0.0] AndroidManifest.xml:3:5-72
INJECTED from src/main/AndroidManifest.xml:158:5-44
INJECTED from src/main/AndroidManifest.xml:158:5-44
	android:targetSdkVersion
		INJECTED from src/main/AndroidManifest.xml
		ADDED from src/main/AndroidManifest.xml:158:5-44
		INJECTED from src/main/AndroidManifest.xml
	android:minSdkVersion
		ADDED from src/main/AndroidManifest.xml:158:15-41
		INJECTED from src/main/AndroidManifest.xml
		INJECTED from src/main/AndroidManifest.xml
uses-permission#android.permission.INTERNET
ADDED from src/main/AndroidManifest.xml:159:2-64
MERGED from [com.google.android.gms:play-services-ads:8.4.0] AndroidManifest.xml:20:5-66
MERGED from [com.google.android.gms:play-services-ads:8.4.0] AndroidManifest.xml:20:5-66
MERGED from [com.google.android.gms:play-services-analytics:8.4.0] AndroidManifest.xml:21:5-67
MERGED from [com.google.android.gms:play-services-analytics:8.4.0] AndroidManifest.xml:21:5-67
MERGED from [com.google.android.gms:play-services-appinvite:8.4.0] AndroidManifest.xml:19:5-67
MERGED from [com.google.android.gms:play-services-appinvite:8.4.0] AndroidManifest.xml:19:5-67
MERGED from [com.google.android.gms:play-services-gcm:8.4.0] AndroidManifest.xml:22:5-67
MERGED from [com.google.android.gms:play-services-gcm:8.4.0] AndroidManifest.xml:22:5-67
MERGED from [com.google.android.gms:play-services-maps:8.4.0] AndroidManifest.xml:21:5-66
MERGED from [com.google.android.gms:play-services-maps:8.4.0] AndroidManifest.xml:21:5-66
MERGED from [com.google.android.gms:play-services-measurement:8.4.0] AndroidManifest.xml:21:5-67
MERGED from [com.google.android.gms:play-services-measurement:8.4.0] AndroidManifest.xml:21:5-67
	android:name
		ADDED from src/main/AndroidManifest.xml:159:19-61
uses-permission#android.permission.CAMERA
ADDED from src/main/AndroidManifest.xml:161:2-62
	android:name
		ADDED from src/main/AndroidManifest.xml:161:19-59
uses-permission#android.permission.WRITE_EXTERNAL_STORAGE
ADDED from src/main/AndroidManifest.xml:163:2-78
	android:name
		ADDED from src/main/AndroidManifest.xml:163:19-75
uses-permission#android.permission.READ_EXTERNAL_STORAGE
ADDED from src/main/AndroidManifest.xml:164:2-77
	android:name
		ADDED from src/main/AndroidManifest.xml:164:19-74
uses-feature#android.hardware.camera
ADDED from src/main/AndroidManifest.xml:165:2-57
	android:name
		ADDED from src/main/AndroidManifest.xml:165:16-54
uses-feature#android.hardware.camera.autofocus
ADDED from src/main/AndroidManifest.xml:166:2-67
	android:name
		ADDED from src/main/AndroidManifest.xml:166:16-64
uses-permission#android.permission.CALL_PHONE
ADDED from src/main/AndroidManifest.xml:167:2-66
	android:name
		ADDED from src/main/AndroidManifest.xml:167:19-63
uses-permission#android.permission.READ_PHONE_STATE
ADDED from src/main/AndroidManifest.xml:168:2-72
	android:name
		ADDED from src/main/AndroidManifest.xml:168:19-69
uses-permission#android.permission.PROCESS_OUTGOING_CALLS
ADDED from src/main/AndroidManifest.xml:169:2-78
	android:name
		ADDED from src/main/AndroidManifest.xml:169:19-75
uses-permission#android.permission.ACCESS_COARSE_LOCATION
ADDED from src/main/AndroidManifest.xml:170:2-78
	android:name
		ADDED from src/main/AndroidManifest.xml:170:19-75
uses-permission#android.permission.ACCESS_FINE_LOCATION
ADDED from src/main/AndroidManifest.xml:171:5-79
	android:name
		ADDED from src/main/AndroidManifest.xml:171:22-76
uses-permission#android.permission.ACCESS_LOCATION
ADDED from src/main/AndroidManifest.xml:173:5-74
	android:name
		ADDED from src/main/AndroidManifest.xml:173:22-71
uses-permission#android.permission.ACCESS_NETWORK_STATE
ADDED from src/main/AndroidManifest.xml:175:5-79
MERGED from [com.google.android.gms:play-services-ads:8.4.0] AndroidManifest.xml:21:5-78
MERGED from [com.google.android.gms:play-services-ads:8.4.0] AndroidManifest.xml:21:5-78
MERGED from [com.google.android.gms:play-services-analytics:8.4.0] AndroidManifest.xml:22:5-79
MERGED from [com.google.android.gms:play-services-analytics:8.4.0] AndroidManifest.xml:22:5-79
MERGED from [com.google.android.gms:play-services-maps:8.4.0] AndroidManifest.xml:20:5-78
MERGED from [com.google.android.gms:play-services-maps:8.4.0] AndroidManifest.xml:20:5-78
MERGED from [com.google.android.gms:play-services-nearby:8.4.0] AndroidManifest.xml:19:5-79
MERGED from [com.google.android.gms:play-services-nearby:8.4.0] AndroidManifest.xml:19:5-79
MERGED from [com.google.android.gms:play-services-measurement:8.4.0] AndroidManifest.xml:22:5-79
MERGED from [com.google.android.gms:play-services-measurement:8.4.0] AndroidManifest.xml:22:5-79
	android:name
		ADDED from src/main/AndroidManifest.xml:175:22-76
uses-permission#org.android.adha.MAPS_RECEIVE
ADDED from src/main/AndroidManifest.xml:176:5-69
	android:name
		ADDED from src/main/AndroidManifest.xml:176:22-66
uses-permission#com.google.android.providers.gsf.permission.READ_GSERVICES
ADDED from src/main/AndroidManifest.xml:177:5-98
	android:name
		ADDED from src/main/AndroidManifest.xml:177:22-95
uses-permission#android.permission.WAKE_LOCK
ADDED from src/main/AndroidManifest.xml:178:5-84
MERGED from [com.google.android.gms:play-services-measurement:8.4.0] AndroidManifest.xml:24:5-67
MERGED from [com.google.android.gms:play-services-measurement:8.4.0] AndroidManifest.xml:24:5-67
	android:name
		ADDED from src/main/AndroidManifest.xml:178:22-65
activity#com.google.android.gms.ads.AdActivity
ADDED from [com.google.android.gms:play-services-ads:8.4.0] AndroidManifest.xml:26:9-29:64
	android:configChanges
		ADDED from [com.google.android.gms:play-services-ads:8.4.0] AndroidManifest.xml:28:13-122
	android:theme
		ADDED from [com.google.android.gms:play-services-ads:8.4.0] AndroidManifest.xml:29:13-61
	android:name
		ADDED from [com.google.android.gms:play-services-ads:8.4.0] AndroidManifest.xml:27:13-65
activity#com.google.android.gms.ads.purchase.InAppPurchaseActivity
ADDED from [com.google.android.gms:play-services-ads:8.4.0] AndroidManifest.xml:30:9-31:52
	android:theme
		ADDED from [com.google.android.gms:play-services-ads:8.4.0] AndroidManifest.xml:31:13-50
	android:name